<?xml version="1.0" encoding="UTF-8"?>
<!-- Generated by org.testng.reporters.JUnitXMLReporter -->
<testsuite ignored="1" hostname="LT-posa" failures="0" tests="1" name="Default test" time="4.562" errors="0" timestamp="2024-12-15T22:53:41 IST">
  <testcase classname="TestCases.RegisterTestCases" name="verifyregisterwithblankdata" time="0.939"/>
  <testcase classname="TestCases.RegisterTestCases" name="verifyRegisterationWithValidData" time="0.0">
    <ignored/>
  </testcase> <!-- verifyRegisterationWithValidData -->
</testsuite> <!-- Default test -->
