<?xml version="1.0" encoding="UTF-8"?>
<testng-results ignored="0" total="1" passed="1" failed="0" skipped="0">
  <reporter-output>
  </reporter-output>
  <suite started-at="2025-04-23T14:51:27 IST" name="Default suite" finished-at="2025-04-23T14:51:27 IST" duration-ms="27">
    <groups>
    </groups>
    <test started-at="2025-04-23T14:51:27 IST" name="Default test" finished-at="2025-04-23T14:51:27 IST" duration-ms="27">
      <class name="TestNGConcepts.Demong">
        <test-method signature="method()[pri:0, instance:TestNGConcepts.Demong@7133da86]" started-at="2025-04-23T14:51:27 IST" name="method" finished-at="2025-04-23T14:51:27 IST" duration-ms="5" status="PASS">
          <reporter-output>
          </reporter-output>
        </test-method> <!-- method -->
      </class> <!-- TestNGConcepts.Demong -->
    </test> <!-- Default test -->
  </suite> <!-- Default suite -->
</testng-results>
